<?xml version="1.0" encoding="UTF-8"?>
<!-- Generated by org.testng.reporters.JUnitReportReporter -->
<testsuite hostname="ea546576b62157b" failures="0" tests="1" name="com.qa.testscript.TC_MakeMyTrip_001" time="16.688" errors="0" timestamp="2023-09-22T11:03:51 IST" skipped="0">
  <testcase classname="com.qa.testscript.TC_MakeMyTrip_001" name="checkLogo" time="16.688"/>
</testsuite> <!-- com.qa.testscript.TC_MakeMyTrip_001 -->
